<?xml version="1.0" encoding="UTF-8"?>
<!-- Generated by org.testng.reporters.JUnitReportReporter -->
<testsuite hostname="DESKTOP-AKSHAY2" failures="0" tests="1" name="testNG_Study.TestNG_Test0" time="19.061" errors="0" timestamp="2022-07-26T17:37:02 IST" skipped="0">
  <testcase classname="testNG_Study.TestNG_Test0" name="launchflipcart" time="19.061"/>
  <system-out/>
</testsuite> <!-- testNG_Study.TestNG_Test0 -->
