<?xml version="1.0" encoding="UTF-8"?>
<!-- Generated by org.testng.reporters.JUnitReportReporter -->
<testsuite hostname="DESKTOP-AKSHAY2" failures="0" tests="2" name="testNGXMLStudy.GroupingtestNG2" time="0.003" errors="0" timestamp="2022-07-28T00:02:31 IST" skipped="0">
  <testcase classname="testNGXMLStudy.GroupingtestNG2" name="g" time="0.002"/>
  <system-out>
    <![CDATA[G method is running]]>
  </system-out>
  <testcase classname="testNGXMLStudy.GroupingtestNG2" name="f" time="0.001"/>
  <system-out>
    <![CDATA[F method is running]]>
  </system-out>
</testsuite> <!-- testNGXMLStudy.GroupingtestNG2 -->
