<?xml version="1.0" encoding="UTF-8"?>
<!-- Generated by org.testng.reporters.JUnitReportReporter -->
<testsuite hostname="DESKTOP-AKSHAY2" failures="0" tests="7" name="testKeywords.InvocationCountStudy" time="0.031" errors="0" timestamp="2022-07-23T20:35:27 IST" skipped="0">
  <testcase classname="testKeywords.InvocationCountStudy" name="myMethod" time="0.002"/>
  <system-out>
    <![CDATA[My Method is running]]>
  </system-out>
  <testcase classname="testKeywords.InvocationCountStudy" name="myMethod" time="0.001"/>
  <system-out>
    <![CDATA[My Method is running]]>
  </system-out>
  <testcase classname="testKeywords.InvocationCountStudy" name="myMethod" time="0.005"/>
  <system-out>
    <![CDATA[My Method is running]]>
  </system-out>
  <testcase classname="testKeywords.InvocationCountStudy" name="myMethod" time="0.003"/>
  <system-out>
    <![CDATA[My Method is running]]>
  </system-out>
  <testcase classname="testKeywords.InvocationCountStudy" name="myMethod" time="0.003"/>
  <system-out>
    <![CDATA[My Method is running]]>
  </system-out>
  <testcase classname="testKeywords.InvocationCountStudy" name="myMethod" time="0.014"/>
  <system-out>
    <![CDATA[My Method is running]]>
  </system-out>
  <testcase classname="testKeywords.InvocationCountStudy" name="myMethod" time="0.003"/>
  <system-out>
    <![CDATA[My Method is running]]>
  </system-out>
</testsuite> <!-- testKeywords.InvocationCountStudy -->
