<?xml version="1.0" encoding="UTF-8"?>
<!-- Generated by org.testng.reporters.JUnitReportReporter -->
<testsuite hostname="DESKTOP-AKSHAY2" failures="0" tests="2" name="testNGXMLStudy.GroupingtestNG1" time="0.013" errors="0" timestamp="2022-07-28T00:02:31 IST" skipped="0">
  <testcase classname="testNGXMLStudy.GroupingtestNG1" name="a" time="0.012"/>
  <system-out>
    <![CDATA[A method is running]]>
  </system-out>
  <testcase classname="testNGXMLStudy.GroupingtestNG1" name="b" time="0.001"/>
  <system-out>
    <![CDATA[B method is running]]>
  </system-out>
</testsuite> <!-- testNGXMLStudy.GroupingtestNG1 -->
