<?xml version="1.0" encoding="UTF-8"?>
<!-- Generated by org.testng.reporters.JUnitReportReporter -->
<testsuite hostname="DESKTOP-AKSHAY2" failures="0" tests="1" name="testNG_Validation.AssertTrue_False" time="0.014" errors="0" timestamp="2022-07-28T00:03:20 IST" skipped="0">
  <testcase classname="testNG_Validation.AssertTrue_False" name="f" time="0.014"/>
  <system-out/>
</testsuite> <!-- testNG_Validation.AssertTrue_False -->
