<?xml version="1.0" encoding="UTF-8"?>
<!-- Generated by org.testng.reporters.JUnitReportReporter -->
<testsuite hostname="DESKTOP-AKSHAY2" failures="0" tests="1" name="testNGXMLStudy.MethodtestNG1" time="0.012" errors="0" timestamp="2022-07-28T01:22:03 IST" skipped="0">
  <testcase classname="testNGXMLStudy.MethodtestNG1" name="a" time="0.012"/>
  <system-out>
    <![CDATA[A method is running]]>
  </system-out>
</testsuite> <!-- testNGXMLStudy.MethodtestNG1 -->
