<?xml version="1.0" encoding="UTF-8"?>
<!-- Generated by org.testng.reporters.JUnitReportReporter -->
<testsuite hostname="DESKTOP-AKSHAY2" failures="0" tests="1" name="testNG_Study.TestNG_Test1" time="19.709" errors="0" timestamp="2022-07-28T23:51:17 IST" skipped="0">
  <testcase classname="testNG_Study.TestNG_Test1" name="launchflipcart" time="19.709"/>
  <system-out/>
</testsuite> <!-- testNG_Study.TestNG_Test1 -->
