<?xml version="1.0" encoding="UTF-8"?>
<!-- Generated by org.testng.reporters.JUnitReportReporter -->
<testsuite hostname="DESKTOP-AKSHAY2" failures="0" tests="1" name="kitetTESTNG.ValidateKiteUserID" time="7.864" errors="0" timestamp="2022-08-03T12:35:38 IST" skipped="0">
  <testcase classname="kitetTESTNG.ValidateKiteUserID" name="kiteUserValidation" time="7.864"/>
  <system-out>
    <![CDATA[Tc is passed, validation is done]]>
  </system-out>
</testsuite> <!-- kitetTESTNG.ValidateKiteUserID -->
