<?xml version="1.0" encoding="UTF-8"?>
<!-- Generated by org.testng.reporters.JUnitReportReporter -->
<testsuite hostname="DESKTOP-AKSHAY2" failures="0" tests="2" name="testNGAnnotations.AnnotationStudy" time="0.022" errors="0" timestamp="2022-07-26T11:23:56 IST" skipped="0">
  <testcase classname="testNGAnnotations.AnnotationStudy" name="testme" time="0.016"/>
  <system-out>
    <![CDATA[hiiiii]]>
  </system-out>
  <testcase classname="testNGAnnotations.AnnotationStudy" name="validateUserID" time="0.006"/>
  <system-out>
    <![CDATA[userID is validated]]>
  </system-out>
</testsuite> <!-- testNGAnnotations.AnnotationStudy -->
