<?xml version="1.0" encoding="UTF-8"?>
<!-- Generated by org.testng.reporters.JUnitReportReporter -->
<testsuite hostname="DESKTOP-AKSHAY2" failures="0" tests="7" name="testNGKeywords.InvocationCountStudy" time="0.045" errors="0" timestamp="2022-07-27T08:58:06 IST" skipped="0">
  <testcase classname="testNGKeywords.InvocationCountStudy" name="myMethod" time="0.002"/>
  <system-out>
    <![CDATA[My Method is running]]>
  </system-out>
  <testcase classname="testNGKeywords.InvocationCountStudy" name="myMethod" time="0.002"/>
  <system-out>
    <![CDATA[My Method is running]]>
  </system-out>
  <testcase classname="testNGKeywords.InvocationCountStudy" name="myMethod" time="0.007"/>
  <system-out>
    <![CDATA[My Method is running]]>
  </system-out>
  <testcase classname="testNGKeywords.InvocationCountStudy" name="myMethod" time="0.009"/>
  <system-out>
    <![CDATA[My Method is running]]>
  </system-out>
  <testcase classname="testNGKeywords.InvocationCountStudy" name="myMethod" time="0.006"/>
  <system-out>
    <![CDATA[My Method is running]]>
  </system-out>
  <testcase classname="testNGKeywords.InvocationCountStudy" name="myMethod" time="0.013"/>
  <system-out>
    <![CDATA[My Method is running]]>
  </system-out>
  <testcase classname="testNGKeywords.InvocationCountStudy" name="myMethod" time="0.006"/>
  <system-out>
    <![CDATA[My Method is running]]>
  </system-out>
</testsuite> <!-- testNGKeywords.InvocationCountStudy -->
