<?xml version="1.0" encoding="UTF-8"?>
<!-- Generated by org.testng.reporters.JUnitReportReporter -->
<testsuite hostname="DESKTOP-AKSHAY2" failures="0" tests="7" name="testNGKeywords.MultipleKeywords" time="0.032" errors="0" timestamp="2022-07-24T21:33:49 IST" skipped="0">
  <testcase classname="testNGKeywords.MultipleKeywords" name="b" time="0.002"/>
  <system-out>
    <![CDATA[B method is running]]>
  </system-out>
  <testcase classname="testNGKeywords.MultipleKeywords" name="b" time="0.003"/>
  <system-out>
    <![CDATA[B method is running]]>
  </system-out>
  <testcase classname="testNGKeywords.MultipleKeywords" name="b" time="0.003"/>
  <system-out>
    <![CDATA[B method is running]]>
  </system-out>
  <testcase classname="testNGKeywords.MultipleKeywords" name="a" time="0.017"/>
  <system-out>
    <![CDATA[A method is running]]>
  </system-out>
  <testcase classname="testNGKeywords.MultipleKeywords" name="d" time="0.002"/>
  <system-out>
    <![CDATA[D method is running]]>
  </system-out>
  <testcase classname="testNGKeywords.MultipleKeywords" name="c" time="0.002"/>
  <system-out>
    <![CDATA[C method is running]]>
  </system-out>
  <testcase classname="testNGKeywords.MultipleKeywords" name="e" time="0.003"/>
  <system-out>
    <![CDATA[E method is running]]>
  </system-out>
</testsuite> <!-- testNGKeywords.MultipleKeywords -->
