<?xml version="1.0" encoding="UTF-8"?>
<!-- Generated by org.testng.reporters.JUnitReportReporter -->
<testsuite hostname="DESKTOP-AKSHAY2" failures="0" tests="1" name="testNG_Verification.SoftAssertStudy1" time="0.021" errors="0" timestamp="2022-07-29T01:15:31 IST" skipped="0">
  <testcase classname="testNG_Verification.SoftAssertStudy1" name="myMethod" time="0.021"/>
  <system-out/>
</testsuite> <!-- testNG_Verification.SoftAssertStudy1 -->
