<?xml version="1.0" encoding="UTF-8"?>
<!-- Generated by org.testng.reporters.JUnitReportReporter -->
<testsuite hostname="DESKTOP-AKSHAY2" failures="0" tests="1" name="testNGXMLStudy.MethodtestNG2" time="0.002" errors="0" timestamp="2022-07-28T01:22:03 IST" skipped="0">
  <testcase classname="testNGXMLStudy.MethodtestNG2" name="g" time="0.002"/>
  <system-out>
    <![CDATA[G method is running]]>
  </system-out>
</testsuite> <!-- testNGXMLStudy.MethodtestNG2 -->
