<?xml version="1.0" encoding="UTF-8"?>
<!-- Generated by org.testng.reporters.JUnitReportReporter -->
<testsuite hostname="DESKTOP-AKSHAY2" failures="0" tests="1" name="testNGSerial_ParallelExecution.Flipcart" time="16.211" errors="0" timestamp="2022-07-28T17:48:57 IST" skipped="0">
  <testcase classname="testNGSerial_ParallelExecution.Flipcart" name="flipcartLaunch" time="16.211"/>
  <system-out/>
</testsuite> <!-- testNGSerial_ParallelExecution.Flipcart -->
