<?xml version="1.0" encoding="UTF-8"?>
<!-- Generated by org.testng.reporters.JUnitReportReporter -->
<testsuite hostname="DESKTOP-AKSHAY2" failures="0" tests="1" name="testNG_Study.MyClass" time="0.016" errors="0" timestamp="2022-07-22T00:46:54 IST" skipped="0">
  <testcase classname="testNG_Study.MyClass" name="myMethod" time="0.016"/>
  <system-out>
    <![CDATA[HI this is written in reporter without boolean value
HI this is written in reporter with boolean value]]>
  </system-out>
</testsuite> <!-- testNG_Study.MyClass -->
