<?xml version="1.0" encoding="UTF-8"?>
<!-- Generated by org.testng.reporters.JUnitReportReporter -->
<testsuite hostname="DESKTOP-AKSHAY2" failures="0" tests="1" name="crossBrowserTesting.crossBrowserStudy" time="12.095" errors="0" timestamp="2022-07-29T00:55:29 IST" skipped="0">
  <testcase classname="crossBrowserTesting.crossBrowserStudy" name="myMethod" time="12.095"/>
  <system-out/>
</testsuite> <!-- crossBrowserTesting.crossBrowserStudy -->
