<?xml version="1.0" encoding="UTF-8"?>
<!-- Generated by org.testng.reporters.JUnitReportReporter -->
<testsuite hostname="DESKTOP-AKSHAY2" failures="0" tests="5" name="testNG_XML_Study.MethodsTestNG2" time="0.038" errors="0" timestamp="2022-07-26T17:35:55 IST" skipped="0">
  <testcase classname="testNG_XML_Study.MethodsTestNG2" name="j" time="0.013"/>
  <system-out>
    <![CDATA[J method is running]]>
  </system-out>
  <testcase classname="testNG_XML_Study.MethodsTestNG2" name="h" time="0.003"/>
  <system-out>
    <![CDATA[H method is running]]>
  </system-out>
  <testcase classname="testNG_XML_Study.MethodsTestNG2" name="i" time="0.006"/>
  <system-out>
    <![CDATA[I method is running]]>
  </system-out>
  <testcase classname="testNG_XML_Study.MethodsTestNG2" name="g" time="0.003"/>
  <system-out>
    <![CDATA[g method is running]]>
  </system-out>
  <testcase classname="testNG_XML_Study.MethodsTestNG2" name="f" time="0.013"/>
  <system-out>
    <![CDATA[F method is running]]>
  </system-out>
</testsuite> <!-- testNG_XML_Study.MethodsTestNG2 -->
