<?xml version="1.0" encoding="UTF-8"?>
<!-- Generated by org.testng.reporters.JUnitReportReporter -->
<testsuite hostname="DESKTOP-AKSHAY2" failures="0" tests="2" name="testNG_Study.TestNG_Test" time="20.008" errors="0" timestamp="2022-07-27T10:48:19 IST" skipped="0">
  <testcase classname="testNG_Study.TestNG_Test" name="launchkite" time="8.164"/>
  <system-out/>
  <testcase classname="testNG_Study.TestNG_Test" name="launchflipcart" time="11.844"/>
  <system-out/>
</testsuite> <!-- testNG_Study.TestNG_Test -->
