<?xml version="1.0" encoding="UTF-8"?>
<!-- Generated by org.testng.reporters.JUnitReportReporter -->
<testsuite hostname="DESKTOP-AKSHAY2" failures="0" tests="1" name="testNG_____.MethodsTestNG" time="0.012" errors="0" timestamp="2022-07-25T19:59:47 IST" skipped="0">
  <testcase classname="testNG_____.MethodsTestNG" name="d" time="0.012"/>
  <system-out>
    <![CDATA[D method is running]]>
  </system-out>
</testsuite> <!-- testNG_____.MethodsTestNG -->
