<?xml version="1.0" encoding="UTF-8"?>
<!-- Generated by org.testng.reporters.JUnitReportReporter -->
<testsuite hostname="DESKTOP-AKSHAY2" failures="0" tests="6" name="testKeywords.PriorityStudy" time="0.028" errors="0" timestamp="2022-07-23T20:41:04 IST" skipped="0">
  <testcase classname="testKeywords.PriorityStudy" name="b" time="0.014"/>
  <system-out>
    <![CDATA[B method is running]]>
  </system-out>
  <testcase classname="testKeywords.PriorityStudy" name="c" time="0.002"/>
  <system-out>
    <![CDATA[C method is running]]>
  </system-out>
  <testcase classname="testKeywords.PriorityStudy" name="d" time="0.002"/>
  <system-out>
    <![CDATA[D method is running]]>
  </system-out>
  <testcase classname="testKeywords.PriorityStudy" name="e" time="0.004"/>
  <system-out>
    <![CDATA[E method is running]]>
  </system-out>
  <testcase classname="testKeywords.PriorityStudy" name="f" time="0.003"/>
  <system-out>
    <![CDATA[F method is running]]>
  </system-out>
  <testcase classname="testKeywords.PriorityStudy" name="a" time="0.003"/>
  <system-out>
    <![CDATA[A method is running]]>
  </system-out>
</testsuite> <!-- testKeywords.PriorityStudy -->
