<?xml version="1.0" encoding="UTF-8"?>
<!-- Generated by org.testng.reporters.JUnitReportReporter -->
<testsuite hostname="DESKTOP-AKSHAY2" failures="0" tests="1" name="testNGSerial_ParallelExecution.Kite" time="21.125" errors="0" timestamp="2022-07-28T17:48:57 IST" skipped="0">
  <testcase classname="testNGSerial_ParallelExecution.Kite" name="kiteLaunch" time="21.125"/>
  <system-out/>
</testsuite> <!-- testNGSerial_ParallelExecution.Kite -->
