<?xml version="1.0" encoding="UTF-8"?>
<!-- Generated by org.testng.reporters.JUnitReportReporter -->
<testsuite hostname="DESKTOP-AKSHAY2" failures="0" tests="1" name="testNGValidateUserID.ValidateKiteUserID" time="5.667" errors="0" timestamp="2022-07-29T22:32:34 IST" skipped="0">
  <testcase classname="testNGValidateUserID.ValidateKiteUserID" name="validateUserID" time="5.667"/>
  <system-out>
    <![CDATA[Validating actualUserID & expectedUserID UserID
Validating actualUserID & expectedUserID, TC is passed]]>
  </system-out>
</testsuite> <!-- testNGValidateUserID.ValidateKiteUserID -->
