<?xml version="1.0" encoding="UTF-8"?>
<!-- Generated by org.testng.reporters.JUnitReportReporter -->
<testsuite hostname="DESKTOP-AKSHAY2" failures="0" tests="5" name="testKeywords.EnabledStudy" time="0.020" errors="0" timestamp="2022-07-23T20:43:52 IST" skipped="1">
  <testcase classname="testKeywords.EnabledStudy" name="d" time="0.000"/>
  <system-out>
    <![CDATA[D method is running]]>
  </system-out>
  <testcase classname="testKeywords.EnabledStudy" name="e" time="0.007"/>
  <system-out>
    <![CDATA[E method is running]]>
  </system-out>
  <testcase classname="testKeywords.EnabledStudy" name="c" time="0.001"/>
  <system-out>
    <![CDATA[C method is running]]>
  </system-out>
  <testcase classname="testKeywords.EnabledStudy" name="a" time="0.012"/>
  <system-out>
    <![CDATA[A method is running]]>
  </system-out>
  <testcase classname="testKeywords.EnabledStudy" name="b">
    <skipped/>
  </testcase> <!-- b -->
  <system-out/>
</testsuite> <!-- testKeywords.EnabledStudy -->
