<?xml version="1.0" encoding="UTF-8"?>
<!-- Generated by org.testng.reporters.JUnitReportReporter -->
<testsuite hostname="DESKTOP-AKSHAY2" failures="0" tests="1" name="testNG_XML_Study.MethodsTestNG" time="0.013" errors="0" timestamp="2022-07-26T09:13:22 IST" skipped="0">
  <testcase classname="testNG_XML_Study.MethodsTestNG" name="e" time="0.013"/>
  <system-out>
    <![CDATA[E method is running]]>
  </system-out>
</testsuite> <!-- testNG_XML_Study.MethodsTestNG -->
