<?xml version="1.0" encoding="UTF-8"?>
<!-- Generated by org.testng.reporters.JUnitReportReporter -->
<testsuite hostname="DESKTOP-AKSHAY2" failures="0" tests="5" name="testNG_XML_Study.MethodsTestNG1" time="0.034" errors="0" timestamp="2022-07-26T17:54:02 IST" skipped="0">
  <testcase classname="testNG_XML_Study.MethodsTestNG1" name="e" time="0.010"/>
  <system-out>
    <![CDATA[E method is running]]>
  </system-out>
  <testcase classname="testNG_XML_Study.MethodsTestNG1" name="c" time="0.005"/>
  <system-out>
    <![CDATA[C method is running]]>
  </system-out>
  <testcase classname="testNG_XML_Study.MethodsTestNG1" name="d" time="0.002"/>
  <system-out>
    <![CDATA[D method is running]]>
  </system-out>
  <testcase classname="testNG_XML_Study.MethodsTestNG1" name="b" time="0.002"/>
  <system-out>
    <![CDATA[B method is running]]>
  </system-out>
  <testcase classname="testNG_XML_Study.MethodsTestNG1" name="a" time="0.015"/>
  <system-out>
    <![CDATA[A method is running]]>
  </system-out>
</testsuite> <!-- testNG_XML_Study.MethodsTestNG1 -->
