<?xml version="1.0" encoding="UTF-8"?>
<!-- Generated by org.testng.reporters.JUnitReportReporter -->
<testsuite hostname="DESKTOP-AKSHAY2" failures="0" tests="1" name="testNGXMLStudy.FailedTestCases" time="0.016" errors="0" timestamp="2022-07-27T12:02:41 IST" skipped="0">
  <testcase classname="testNGXMLStudy.FailedTestCases" name="c" time="0.016"/>
  <system-out>
    <![CDATA[C method is running]]>
  </system-out>
</testsuite> <!-- testNGXMLStudy.FailedTestCases -->
