<?xml version="1.0" encoding="UTF-8"?>
<!-- Generated by org.testng.reporters.JUnitReportReporter -->
<testsuite hostname="DESKTOP-AKSHAY2" failures="0" tests="1" name="kitetTESTNG.ValidateKiteUserIDNew" time="4.150" errors="0" timestamp="2022-08-05T20:02:54 IST" skipped="0">
  <testcase classname="kitetTESTNG.ValidateKiteUserIDNew" name="kiteUserValidation" time="4.150"/>
  <system-out>
    <![CDATA[Tc is passed, validation is done]]>
  </system-out>
</testsuite> <!-- kitetTESTNG.ValidateKiteUserIDNew -->
