<?xml version="1.0" encoding="UTF-8"?>
<!-- Generated by org.testng.reporters.JUnitReportReporter -->
<testsuite hostname="DESKTOP-AKSHAY2" failures="0" tests="1" name="testNG_Study.TestNG_Test2" time="10.317" errors="0" timestamp="2022-07-27T10:52:36 IST" skipped="0">
  <testcase classname="testNG_Study.TestNG_Test2" name="launchkite" time="10.317"/>
  <system-out/>
</testsuite> <!-- testNG_Study.TestNG_Test2 -->
